[debug] [2025-02-07T19:25:24.644Z] ----------------------------------------------------------------------
[debug] [2025-02-07T19:25:24.650Z] Command:       C:\Program Files\nodejs\node.exe C:\Users\HP\AppData\Roaming\npm\node_modules\firebase-tools\lib\bin\firebase.js deploy --only functions:getOperationsData
[debug] [2025-02-07T19:25:24.651Z] CLI Version:   13.29.3
[debug] [2025-02-07T19:25:24.652Z] Platform:      win32
[debug] [2025-02-07T19:25:24.652Z] Node Version:  v20.10.0
[debug] [2025-02-07T19:25:24.652Z] Time:          Fri Feb 07 2025 20:25:24 GMT+0100 (West Africa Standard Time)
[debug] [2025-02-07T19:25:24.653Z] ----------------------------------------------------------------------
[debug] 
[debug] [2025-02-07T19:25:25.149Z] > command requires scopes: ["email","openid","https://www.googleapis.com/auth/cloudplatformprojects.readonly","https://www.googleapis.com/auth/firebase","https://www.googleapis.com/auth/cloud-platform"]
[debug] [2025-02-07T19:25:25.150Z] > authorizing via signed-in user (emma.osademe@gmail.com)
[debug] [2025-02-07T19:25:25.150Z] [iam] checking project ped-application-4d196 for permissions ["cloudfunctions.functions.create","cloudfunctions.functions.delete","cloudfunctions.functions.get","cloudfunctions.functions.list","cloudfunctions.functions.update","cloudfunctions.operations.get","firebase.projects.get"]
[debug] [2025-02-07T19:25:25.153Z] Checked if tokens are valid: true, expires at: 1738958675721
[debug] [2025-02-07T19:25:25.154Z] Checked if tokens are valid: true, expires at: 1738958675721
[debug] [2025-02-07T19:25:25.156Z] >>> [apiv2][query] POST https://cloudresourcemanager.googleapis.com/v1/projects/ped-application-4d196:testIamPermissions [none]
[debug] [2025-02-07T19:25:25.157Z] >>> [apiv2][(partial)header] POST https://cloudresourcemanager.googleapis.com/v1/projects/ped-application-4d196:testIamPermissions x-goog-quota-user=projects/ped-application-4d196
[debug] [2025-02-07T19:25:25.157Z] >>> [apiv2][body] POST https://cloudresourcemanager.googleapis.com/v1/projects/ped-application-4d196:testIamPermissions {"permissions":["cloudfunctions.functions.create","cloudfunctions.functions.delete","cloudfunctions.functions.get","cloudfunctions.functions.list","cloudfunctions.functions.update","cloudfunctions.operations.get","firebase.projects.get"]}
[debug] [2025-02-07T19:25:27.728Z] <<< [apiv2][status] POST https://cloudresourcemanager.googleapis.com/v1/projects/ped-application-4d196:testIamPermissions 200
[debug] [2025-02-07T19:25:27.729Z] <<< [apiv2][body] POST https://cloudresourcemanager.googleapis.com/v1/projects/ped-application-4d196:testIamPermissions {"permissions":["cloudfunctions.functions.create","cloudfunctions.functions.delete","cloudfunctions.functions.get","cloudfunctions.functions.list","cloudfunctions.functions.update","cloudfunctions.operations.get","firebase.projects.get"]}
[debug] [2025-02-07T19:25:27.729Z] Checked if tokens are valid: true, expires at: 1738958675721
[debug] [2025-02-07T19:25:27.729Z] Checked if tokens are valid: true, expires at: 1738958675721
[debug] [2025-02-07T19:25:27.730Z] >>> [apiv2][query] POST https://iam.googleapis.com/v1/projects/ped-application-4d196/serviceAccounts/ped-application-4d196@appspot.gserviceaccount.com:testIamPermissions [none]
[debug] [2025-02-07T19:25:27.730Z] >>> [apiv2][body] POST https://iam.googleapis.com/v1/projects/ped-application-4d196/serviceAccounts/ped-application-4d196@appspot.gserviceaccount.com:testIamPermissions {"permissions":["iam.serviceAccounts.actAs"]}
[debug] [2025-02-07T19:25:32.683Z] <<< [apiv2][status] POST https://iam.googleapis.com/v1/projects/ped-application-4d196/serviceAccounts/ped-application-4d196@appspot.gserviceaccount.com:testIamPermissions 200
[debug] [2025-02-07T19:25:32.683Z] <<< [apiv2][body] POST https://iam.googleapis.com/v1/projects/ped-application-4d196/serviceAccounts/ped-application-4d196@appspot.gserviceaccount.com:testIamPermissions {"permissions":["iam.serviceAccounts.actAs"]}
[info] 
[info] === Deploying to 'ped-application-4d196'...
[info] 
[info] i  deploying functions 
[debug] [2025-02-07T19:25:32.690Z] Checked if tokens are valid: true, expires at: 1738958675721
[debug] [2025-02-07T19:25:32.690Z] Checked if tokens are valid: true, expires at: 1738958675721
[debug] [2025-02-07T19:25:32.690Z] >>> [apiv2][query] GET https://cloudresourcemanager.googleapis.com/v1/projects/ped-application-4d196 [none]
[debug] [2025-02-07T19:25:33.950Z] <<< [apiv2][status] GET https://cloudresourcemanager.googleapis.com/v1/projects/ped-application-4d196 200
[debug] [2025-02-07T19:25:33.950Z] <<< [apiv2][body] GET https://cloudresourcemanager.googleapis.com/v1/projects/ped-application-4d196 {"projectNumber":"66767077582","projectId":"ped-application-4d196","lifecycleState":"ACTIVE","name":"PED APPLICATION","labels":{"firebase":"enabled"},"createTime":"2024-06-21T10:30:11.702266Z"}
[info] i  functions: preparing codebase default for deployment 
[info] i  functions: ensuring required API cloudfunctions.googleapis.com is enabled... 
[debug] [2025-02-07T19:25:33.955Z] Checked if tokens are valid: true, expires at: 1738958675721
[debug] [2025-02-07T19:25:33.955Z] Checked if tokens are valid: true, expires at: 1738958675721
[debug] [2025-02-07T19:25:33.955Z] Checked if tokens are valid: true, expires at: 1738958675721
[debug] [2025-02-07T19:25:33.955Z] Checked if tokens are valid: true, expires at: 1738958675721
[info] i  functions: ensuring required API cloudbuild.googleapis.com is enabled... 
[debug] [2025-02-07T19:25:33.957Z] Checked if tokens are valid: true, expires at: 1738958675721
[debug] [2025-02-07T19:25:33.957Z] Checked if tokens are valid: true, expires at: 1738958675721
[info] i  artifactregistry: ensuring required API artifactregistry.googleapis.com is enabled... 
[debug] [2025-02-07T19:25:33.958Z] Checked if tokens are valid: true, expires at: 1738958675721
[debug] [2025-02-07T19:25:33.959Z] Checked if tokens are valid: true, expires at: 1738958675721
[debug] [2025-02-07T19:25:33.959Z] >>> [apiv2][query] GET https://serviceusage.googleapis.com/v1/projects/ped-application-4d196/services/cloudfunctions.googleapis.com [none]
[debug] [2025-02-07T19:25:33.960Z] >>> [apiv2][(partial)header] GET https://serviceusage.googleapis.com/v1/projects/ped-application-4d196/services/cloudfunctions.googleapis.com x-goog-quota-user=projects/ped-application-4d196
[debug] [2025-02-07T19:25:33.963Z] >>> [apiv2][query] GET https://serviceusage.googleapis.com/v1/projects/ped-application-4d196/services/runtimeconfig.googleapis.com [none]
[debug] [2025-02-07T19:25:33.963Z] >>> [apiv2][(partial)header] GET https://serviceusage.googleapis.com/v1/projects/ped-application-4d196/services/runtimeconfig.googleapis.com x-goog-quota-user=projects/ped-application-4d196
[debug] [2025-02-07T19:25:33.966Z] >>> [apiv2][query] GET https://serviceusage.googleapis.com/v1/projects/ped-application-4d196/services/cloudbuild.googleapis.com [none]
[debug] [2025-02-07T19:25:33.966Z] >>> [apiv2][(partial)header] GET https://serviceusage.googleapis.com/v1/projects/ped-application-4d196/services/cloudbuild.googleapis.com x-goog-quota-user=projects/ped-application-4d196
[debug] [2025-02-07T19:25:33.969Z] >>> [apiv2][query] GET https://serviceusage.googleapis.com/v1/projects/ped-application-4d196/services/artifactregistry.googleapis.com [none]
[debug] [2025-02-07T19:25:33.969Z] >>> [apiv2][(partial)header] GET https://serviceusage.googleapis.com/v1/projects/ped-application-4d196/services/artifactregistry.googleapis.com x-goog-quota-user=projects/ped-application-4d196
[debug] [2025-02-07T19:25:35.667Z] <<< [apiv2][status] GET https://serviceusage.googleapis.com/v1/projects/ped-application-4d196/services/runtimeconfig.googleapis.com 200
[debug] [2025-02-07T19:25:35.667Z] <<< [apiv2][body] GET https://serviceusage.googleapis.com/v1/projects/ped-application-4d196/services/runtimeconfig.googleapis.com [omitted]
[debug] [2025-02-07T19:25:36.801Z] <<< [apiv2][status] GET https://serviceusage.googleapis.com/v1/projects/ped-application-4d196/services/cloudbuild.googleapis.com 200
[debug] [2025-02-07T19:25:36.801Z] <<< [apiv2][body] GET https://serviceusage.googleapis.com/v1/projects/ped-application-4d196/services/cloudbuild.googleapis.com [omitted]
[info] +  functions: required API cloudbuild.googleapis.com is enabled 
[debug] [2025-02-07T19:25:39.383Z] <<< [apiv2][status] GET https://serviceusage.googleapis.com/v1/projects/ped-application-4d196/services/artifactregistry.googleapis.com 200
[debug] [2025-02-07T19:25:39.383Z] <<< [apiv2][body] GET https://serviceusage.googleapis.com/v1/projects/ped-application-4d196/services/artifactregistry.googleapis.com [omitted]
[info] +  artifactregistry: required API artifactregistry.googleapis.com is enabled 
