[debug] [2025-02-04T21:41:10.050Z] ----------------------------------------------------------------------
[debug] [2025-02-04T21:41:10.053Z] Command:       /Users/mac/.nvm/versions/node/v22.1.0/bin/node /Users/mac/.nvm/versions/node/v22.1.0/bin/firebase deploy --only hosting
[debug] [2025-02-04T21:41:10.053Z] CLI Version:   13.29.2
[debug] [2025-02-04T21:41:10.053Z] Platform:      darwin
[debug] [2025-02-04T21:41:10.053Z] Node Version:  v22.1.0
[debug] [2025-02-04T21:41:10.054Z] Time:          Tue Feb 04 2025 22:41:10 GMT+0100 (West Africa Standard Time)
[debug] [2025-02-04T21:41:10.054Z] ----------------------------------------------------------------------
[debug] 
[debug] [2025-02-04T21:41:10.248Z] > command requires scopes: ["email","openid","https://www.googleapis.com/auth/cloudplatformprojects.readonly","https://www.googleapis.com/auth/firebase","https://www.googleapis.com/auth/cloud-platform"]
[debug] [2025-02-04T21:41:10.248Z] > authorizing via signed-in user (kehinde@urbaneatsapp.com)
[debug] [2025-02-04T21:41:10.248Z] [iam] checking project ped-application-4d196 for permissions ["firebase.projects.get","firebasehosting.sites.update"]
[debug] [2025-02-04T21:41:10.249Z] Checked if tokens are valid: false, expires at: 1738702830941
[debug] [2025-02-04T21:41:10.249Z] Checked if tokens are valid: false, expires at: 1738702830941
[debug] [2025-02-04T21:41:10.250Z] > refreshing access token with scopes: []
[debug] [2025-02-04T21:41:10.251Z] >>> [apiv2][query] POST https://www.googleapis.com/oauth2/v3/token [none]
[debug] [2025-02-04T21:41:10.251Z] >>> [apiv2][body] POST https://www.googleapis.com/oauth2/v3/token [omitted]
[debug] [2025-02-04T21:41:10.881Z] <<< [apiv2][status] POST https://www.googleapis.com/oauth2/v3/token 200
[debug] [2025-02-04T21:41:10.881Z] <<< [apiv2][body] POST https://www.googleapis.com/oauth2/v3/token [omitted]
[debug] [2025-02-04T21:41:10.932Z] >>> [apiv2][query] POST https://cloudresourcemanager.googleapis.com/v1/projects/ped-application-4d196:testIamPermissions [none]
[debug] [2025-02-04T21:41:10.932Z] >>> [apiv2][(partial)header] POST https://cloudresourcemanager.googleapis.com/v1/projects/ped-application-4d196:testIamPermissions x-goog-quota-user=projects/ped-application-4d196
[debug] [2025-02-04T21:41:10.932Z] >>> [apiv2][body] POST https://cloudresourcemanager.googleapis.com/v1/projects/ped-application-4d196:testIamPermissions {"permissions":["firebase.projects.get","firebasehosting.sites.update"]}
[debug] [2025-02-04T21:41:12.263Z] <<< [apiv2][status] POST https://cloudresourcemanager.googleapis.com/v1/projects/ped-application-4d196:testIamPermissions 200
[debug] [2025-02-04T21:41:12.263Z] <<< [apiv2][body] POST https://cloudresourcemanager.googleapis.com/v1/projects/ped-application-4d196:testIamPermissions {}
[debug] [2025-02-04T21:41:12.264Z] [iam] error while checking permissions, command may fail: Authorization failed. This account is missing the following required permissions on project ped-application-4d196:

  firebase.projects.get
  firebasehosting.sites.update
[debug] [2025-02-04T21:41:12.264Z] Checked if tokens are valid: true, expires at: 1738708869881
[debug] [2025-02-04T21:41:12.264Z] Checked if tokens are valid: true, expires at: 1738708869881
[debug] [2025-02-04T21:41:12.265Z] >>> [apiv2][query] GET https://firebase.googleapis.com/v1beta1/projects/ped-application-4d196 [none]
[debug] [2025-02-04T21:41:13.062Z] <<< [apiv2][status] GET https://firebase.googleapis.com/v1beta1/projects/ped-application-4d196 403
[debug] [2025-02-04T21:41:13.063Z] <<< [apiv2][body] GET https://firebase.googleapis.com/v1beta1/projects/ped-application-4d196 {"error":{"code":403,"message":"The caller does not have permission","status":"PERMISSION_DENIED"}}
[debug] [2025-02-04T21:41:13.063Z] Request to https://firebase.googleapis.com/v1beta1/projects/ped-application-4d196 had HTTP Error: 403, The caller does not have permission
[debug] [2025-02-04T21:41:13.552Z] FirebaseError: Request to https://firebase.googleapis.com/v1beta1/projects/ped-application-4d196 had HTTP Error: 403, The caller does not have permission
    at responseToError (/Users/mac/.nvm/versions/node/v22.1.0/lib/node_modules/firebase-tools/lib/responseToError.js:52:12)
    at RetryOperation._fn (/Users/mac/.nvm/versions/node/v22.1.0/lib/node_modules/firebase-tools/lib/apiv2.js:312:77)
    at process.processTicksAndRejections (node:internal/process/task_queues:95:5)
[error] 
[error] Error: Failed to get Firebase project ped-application-4d196. Please make sure the project exists and your account has permission to access it.
